[2024-01-17 01:29:12.791] [jointLog] [info] setting maxHashResizeThreads to 13
[2024-01-17 01:29:12.791] [jointLog] [info] Fragment incompatibility prior below threshold.  Incompatible fragments will be ignored.
[2024-01-17 01:29:12.791] [jointLog] [info] Usage of --validateMappings implies use of minScoreFraction. Since not explicitly specified, it is being set to 0.65
[2024-01-17 01:29:12.791] [jointLog] [info] Setting consensusSlack to selective-alignment default of 0.35.
[2024-01-17 01:29:12.791] [jointLog] [info] parsing read library format
[2024-01-17 01:29:12.791] [jointLog] [info] There is 1 library.
[2024-01-17 01:29:12.792] [jointLog] [info] Loading pufferfish index
[2024-01-17 01:29:12.792] [jointLog] [info] Loading dense pufferfish index.
[2024-01-17 01:29:13.762] [jointLog] [info] done
[2024-01-17 01:29:13.960] [jointLog] [info] Index contained 251,955 targets
[2024-01-17 01:29:15.891] [jointLog] [info] Number of decoys : 0
[2024-01-17 01:29:16.969] [jointLog] [info] Automatically detected most likely library type as ISR

[2024-01-17 01:34:17.302] [jointLog] [info] Thread saw mini-batch with a maximum of 0.96% zero probability fragments
[2024-01-17 01:34:17.308] [jointLog] [info] Thread saw mini-batch with a maximum of 0.88% zero probability fragments
[2024-01-17 01:34:17.331] [jointLog] [info] Thread saw mini-batch with a maximum of 1.14% zero probability fragments
[2024-01-17 01:34:17.352] [jointLog] [info] Thread saw mini-batch with a maximum of 1.04% zero probability fragments
[2024-01-17 01:34:17.381] [jointLog] [info] Thread saw mini-batch with a maximum of 0.94% zero probability fragments
[2024-01-17 01:34:17.386] [jointLog] [info] Thread saw mini-batch with a maximum of 1.00% zero probability fragments
[2024-01-17 01:34:17.448] [jointLog] [info] Thread saw mini-batch with a maximum of 0.98% zero probability fragments
[2024-01-17 01:34:17.472] [jointLog] [info] Thread saw mini-batch with a maximum of 0.96% zero probability fragments
[2024-01-17 01:34:17.474] [jointLog] [info] Thread saw mini-batch with a maximum of 1.12% zero probability fragments
[2024-01-17 01:34:17.478] [jointLog] [info] Thread saw mini-batch with a maximum of 0.96% zero probability fragments
[2024-01-17 01:34:17.653] [jointLog] [info] Thread saw mini-batch with a maximum of 0.96% zero probability fragments
[2024-01-17 01:34:17.654] [jointLog] [info] Thread saw mini-batch with a maximum of 0.88% zero probability fragments
[2024-01-17 01:34:17.670] [jointLog] [info] Thread saw mini-batch with a maximum of 0.92% zero probability fragments
[2024-01-17 01:34:18.100] [jointLog] [info] Computed 526,626 rich equivalence classes for further processing
[2024-01-17 01:34:18.100] [jointLog] [info] Counted 31,858,757 total reads in the equivalence classes 
[2024-01-17 01:34:18.111] [jointLog] [info] Number of mappings discarded because of alignment score : 95,817,384
[2024-01-17 01:34:18.111] [jointLog] [info] Number of fragments entirely discarded because of alignment score : 5,205,879
[2024-01-17 01:34:18.111] [jointLog] [info] Number of fragments discarded because they are best-mapped to decoys : 0
[2024-01-17 01:34:18.111] [jointLog] [info] Number of fragments discarded because they have only dovetail (discordant) mappings to valid targets : 10,484,385
[2024-01-17 01:34:18.111] [jointLog] [info] Mapping rate = 75.8431%

[2024-01-17 01:34:18.111] [jointLog] [info] finished quantifyLibrary()
[2024-01-17 01:34:18.136] [jointLog] [info] Starting optimizer
[2024-01-17 01:34:18.403] [jointLog] [info] Marked 0 weighted equivalence classes as degenerate
[2024-01-17 01:34:18.444] [jointLog] [info] iteration = 0 | max rel diff. = 4568.44
[2024-01-17 01:34:18.101] [fileLog] [info] 
At end of round 0
==================
Observed 42006139 total fragments (42006139 in most recent round)

[2024-01-17 01:34:18.856] [jointLog] [info] iteration 11, adjusting effective lengths to account for biases
[2024-01-17 01:35:02.088] [jointLog] [info] Computed expected counts (for bias correction)
[2024-01-17 01:35:02.088] [jointLog] [info] processed bias for 0.0% of the transcripts
[2024-01-17 01:35:04.454] [jointLog] [info] processed bias for 10.0% of the transcripts
[2024-01-17 01:35:06.969] [jointLog] [info] processed bias for 20.0% of the transcripts
[2024-01-17 01:35:09.685] [jointLog] [info] processed bias for 30.0% of the transcripts
[2024-01-17 01:35:12.130] [jointLog] [info] processed bias for 40.0% of the transcripts
[2024-01-17 01:35:14.613] [jointLog] [info] processed bias for 50.0% of the transcripts
[2024-01-17 01:35:17.107] [jointLog] [info] processed bias for 60.0% of the transcripts
[2024-01-17 01:35:19.690] [jointLog] [info] processed bias for 70.0% of the transcripts
[2024-01-17 01:35:22.092] [jointLog] [info] processed bias for 80.0% of the transcripts
[2024-01-17 01:35:24.760] [jointLog] [info] processed bias for 90.0% of the transcripts
[2024-01-17 01:35:27.526] [jointLog] [info] processed bias for 100.0% of the transcripts
[2024-01-17 01:35:31.534] [jointLog] [info] iteration = 100 | max rel diff. = 13.2466
[2024-01-17 01:35:35.975] [jointLog] [info] iteration = 200 | max rel diff. = 14.165
[2024-01-17 01:35:40.348] [jointLog] [info] iteration = 300 | max rel diff. = 2.07205
[2024-01-17 01:35:44.721] [jointLog] [info] iteration = 400 | max rel diff. = 1.28902
[2024-01-17 01:35:49.102] [jointLog] [info] iteration = 500 | max rel diff. = 1.10317
[2024-01-17 01:35:53.448] [jointLog] [info] iteration = 600 | max rel diff. = 5.36693
[2024-01-17 01:35:57.899] [jointLog] [info] iteration = 700 | max rel diff. = 0.0455643
[2024-01-17 01:36:02.244] [jointLog] [info] iteration = 800 | max rel diff. = 0.13678
[2024-01-17 01:36:06.471] [jointLog] [info] iteration = 900 | max rel diff. = 0.265075
[2024-01-17 01:36:10.648] [jointLog] [info] iteration = 1,000 | max rel diff. = 1.01767
[2024-01-17 01:36:14.842] [jointLog] [info] iteration = 1,100 | max rel diff. = 0.0379867
[2024-01-17 01:36:19.081] [jointLog] [info] iteration = 1,200 | max rel diff. = 0.477309
[2024-01-17 01:36:23.249] [jointLog] [info] iteration = 1,300 | max rel diff. = 0.128098
[2024-01-17 01:36:27.558] [jointLog] [info] iteration = 1,400 | max rel diff. = 0.0201405
[2024-01-17 01:36:31.909] [jointLog] [info] iteration = 1,500 | max rel diff. = 0.0229723
[2024-01-17 01:36:36.221] [jointLog] [info] iteration = 1,600 | max rel diff. = 0.0407961
[2024-01-17 01:36:40.579] [jointLog] [info] iteration = 1,700 | max rel diff. = 0.0681683
[2024-01-17 01:36:44.911] [jointLog] [info] iteration = 1,800 | max rel diff. = 0.0551684
[2024-01-17 01:36:45.731] [jointLog] [info] iteration = 1,820 | max rel diff. = 0.00465889
[2024-01-17 01:36:45.788] [jointLog] [info] Finished optimizer
[2024-01-17 01:36:45.788] [jointLog] [info] writing output 

