[2024-01-17 01:36:47.173] [jointLog] [info] setting maxHashResizeThreads to 13
[2024-01-17 01:36:47.173] [jointLog] [info] Fragment incompatibility prior below threshold.  Incompatible fragments will be ignored.
[2024-01-17 01:36:47.173] [jointLog] [info] Usage of --validateMappings implies use of minScoreFraction. Since not explicitly specified, it is being set to 0.65
[2024-01-17 01:36:47.173] [jointLog] [info] Setting consensusSlack to selective-alignment default of 0.35.
[2024-01-17 01:36:47.173] [jointLog] [info] parsing read library format
[2024-01-17 01:36:47.173] [jointLog] [info] There is 1 library.
[2024-01-17 01:36:47.174] [jointLog] [info] Loading pufferfish index
[2024-01-17 01:36:47.174] [jointLog] [info] Loading dense pufferfish index.
[2024-01-17 01:36:48.151] [jointLog] [info] done
[2024-01-17 01:36:48.296] [jointLog] [info] Index contained 251,955 targets
[2024-01-17 01:36:50.230] [jointLog] [info] Number of decoys : 0
[2024-01-17 01:36:50.956] [jointLog] [info] Automatically detected most likely library type as ISR

[2024-01-17 01:41:35.334] [jointLog] [info] Thread saw mini-batch with a maximum of 0.90% zero probability fragments
[2024-01-17 01:41:35.344] [jointLog] [info] Thread saw mini-batch with a maximum of 0.82% zero probability fragments
[2024-01-17 01:41:35.351] [jointLog] [info] Thread saw mini-batch with a maximum of 0.78% zero probability fragments
[2024-01-17 01:41:35.463] [jointLog] [info] Thread saw mini-batch with a maximum of 0.80% zero probability fragments
[2024-01-17 01:41:35.474] [jointLog] [info] Thread saw mini-batch with a maximum of 0.92% zero probability fragments
[2024-01-17 01:41:35.493] [jointLog] [info] Thread saw mini-batch with a maximum of 1.00% zero probability fragments
[2024-01-17 01:41:35.537] [jointLog] [info] Thread saw mini-batch with a maximum of 0.88% zero probability fragments
[2024-01-17 01:41:35.568] [jointLog] [info] Thread saw mini-batch with a maximum of 0.84% zero probability fragments
[2024-01-17 01:41:35.592] [jointLog] [info] Thread saw mini-batch with a maximum of 0.84% zero probability fragments
[2024-01-17 01:41:35.634] [jointLog] [info] Thread saw mini-batch with a maximum of 0.88% zero probability fragments
[2024-01-17 01:41:35.677] [jointLog] [info] Thread saw mini-batch with a maximum of 0.84% zero probability fragments
[2024-01-17 01:41:35.737] [jointLog] [info] Thread saw mini-batch with a maximum of 0.90% zero probability fragments
[2024-01-17 01:41:35.746] [jointLog] [info] Thread saw mini-batch with a maximum of 0.80% zero probability fragments
[2024-01-17 01:41:36.105] [fileLog] [info] 
At end of round 0
==================
Observed 39477562 total fragments (39477562 in most recent round)

[2024-01-17 01:41:36.104] [jointLog] [info] Computed 510,954 rich equivalence classes for further processing
[2024-01-17 01:41:36.104] [jointLog] [info] Counted 29,118,185 total reads in the equivalence classes 
[2024-01-17 01:41:36.114] [jointLog] [info] Number of mappings discarded because of alignment score : 100,498,768
[2024-01-17 01:41:36.114] [jointLog] [info] Number of fragments entirely discarded because of alignment score : 5,686,441
[2024-01-17 01:41:36.114] [jointLog] [info] Number of fragments discarded because they are best-mapped to decoys : 0
[2024-01-17 01:41:36.114] [jointLog] [info] Number of fragments discarded because they have only dovetail (discordant) mappings to valid targets : 11,028,694
[2024-01-17 01:41:36.114] [jointLog] [info] Mapping rate = 73.7588%

[2024-01-17 01:41:36.114] [jointLog] [info] finished quantifyLibrary()
[2024-01-17 01:41:36.138] [jointLog] [info] Starting optimizer
[2024-01-17 01:41:36.407] [jointLog] [info] Marked 0 weighted equivalence classes as degenerate
[2024-01-17 01:41:36.448] [jointLog] [info] iteration = 0 | max rel diff. = 4799.14
[2024-01-17 01:41:36.830] [jointLog] [info] iteration 11, adjusting effective lengths to account for biases
[2024-01-17 01:42:20.366] [jointLog] [info] Computed expected counts (for bias correction)
[2024-01-17 01:42:20.367] [jointLog] [info] processed bias for 0.0% of the transcripts
[2024-01-17 01:42:22.738] [jointLog] [info] processed bias for 10.0% of the transcripts
[2024-01-17 01:42:25.397] [jointLog] [info] processed bias for 20.0% of the transcripts
[2024-01-17 01:42:28.203] [jointLog] [info] processed bias for 30.0% of the transcripts
[2024-01-17 01:42:30.719] [jointLog] [info] processed bias for 40.0% of the transcripts
[2024-01-17 01:42:33.417] [jointLog] [info] processed bias for 50.0% of the transcripts
[2024-01-17 01:42:35.807] [jointLog] [info] processed bias for 60.0% of the transcripts
[2024-01-17 01:42:38.477] [jointLog] [info] processed bias for 70.0% of the transcripts
[2024-01-17 01:42:40.821] [jointLog] [info] processed bias for 80.0% of the transcripts
[2024-01-17 01:42:43.289] [jointLog] [info] processed bias for 90.0% of the transcripts
[2024-01-17 01:42:46.045] [jointLog] [info] processed bias for 100.0% of the transcripts
[2024-01-17 01:42:46.049] [jointLog] [info] processed bias for 100.0% of the transcripts
[2024-01-17 01:42:50.018] [jointLog] [info] iteration = 100 | max rel diff. = 19.6049
[2024-01-17 01:42:54.418] [jointLog] [info] iteration = 200 | max rel diff. = 20.5122
[2024-01-17 01:42:58.821] [jointLog] [info] iteration = 300 | max rel diff. = 3.09493
[2024-01-17 01:43:03.198] [jointLog] [info] iteration = 400 | max rel diff. = 1.43767
[2024-01-17 01:43:07.523] [jointLog] [info] iteration = 500 | max rel diff. = 0.633246
[2024-01-17 01:43:11.901] [jointLog] [info] iteration = 600 | max rel diff. = 0.122734
[2024-01-17 01:43:16.266] [jointLog] [info] iteration = 700 | max rel diff. = 1.13251
[2024-01-17 01:43:20.634] [jointLog] [info] iteration = 800 | max rel diff. = 2.52776
[2024-01-17 01:43:25.012] [jointLog] [info] iteration = 900 | max rel diff. = 0.319326
[2024-01-17 01:43:29.320] [jointLog] [info] iteration = 1,000 | max rel diff. = 0.241964
[2024-01-17 01:43:33.744] [jointLog] [info] iteration = 1,100 | max rel diff. = 0.050826
[2024-01-17 01:43:38.243] [jointLog] [info] iteration = 1,200 | max rel diff. = 0.0321851
[2024-01-17 01:43:42.720] [jointLog] [info] iteration = 1,300 | max rel diff. = 0.15528
[2024-01-17 01:43:47.208] [jointLog] [info] iteration = 1,400 | max rel diff. = 0.153473
[2024-01-17 01:43:51.700] [jointLog] [info] iteration = 1,500 | max rel diff. = 0.0727488
[2024-01-17 01:43:56.187] [jointLog] [info] iteration = 1,600 | max rel diff. = 0.155282
[2024-01-17 01:44:00.647] [jointLog] [info] iteration = 1,700 | max rel diff. = 0.0341553
[2024-01-17 01:44:01.728] [jointLog] [info] iteration = 1,726 | max rel diff. = 0.00648099
[2024-01-17 01:44:01.795] [jointLog] [info] Finished optimizer
[2024-01-17 01:44:01.795] [jointLog] [info] writing output 

