[2024-01-17 02:01:52.393] [jointLog] [info] setting maxHashResizeThreads to 13
[2024-01-17 02:01:52.393] [jointLog] [info] Fragment incompatibility prior below threshold.  Incompatible fragments will be ignored.
[2024-01-17 02:01:52.393] [jointLog] [info] Usage of --validateMappings implies use of minScoreFraction. Since not explicitly specified, it is being set to 0.65
[2024-01-17 02:01:52.393] [jointLog] [info] Setting consensusSlack to selective-alignment default of 0.35.
[2024-01-17 02:01:52.393] [jointLog] [info] parsing read library format
[2024-01-17 02:01:52.393] [jointLog] [info] There is 1 library.
[2024-01-17 02:01:52.393] [jointLog] [info] Loading pufferfish index
[2024-01-17 02:01:52.393] [jointLog] [info] Loading dense pufferfish index.
[2024-01-17 02:01:53.353] [jointLog] [info] done
[2024-01-17 02:01:53.509] [jointLog] [info] Index contained 251,955 targets
[2024-01-17 02:01:55.393] [jointLog] [info] Number of decoys : 0
[2024-01-17 02:01:56.173] [jointLog] [info] Automatically detected most likely library type as ISR

[2024-01-17 02:07:50.596] [jointLog] [info] Thread saw mini-batch with a maximum of 0.80% zero probability fragments
[2024-01-17 02:07:50.680] [jointLog] [info] Thread saw mini-batch with a maximum of 0.92% zero probability fragments
[2024-01-17 02:07:50.715] [jointLog] [info] Thread saw mini-batch with a maximum of 0.78% zero probability fragments
[2024-01-17 02:07:50.779] [jointLog] [info] Thread saw mini-batch with a maximum of 0.78% zero probability fragments
[2024-01-17 02:07:50.812] [jointLog] [info] Thread saw mini-batch with a maximum of 0.84% zero probability fragments
[2024-01-17 02:07:50.844] [jointLog] [info] Thread saw mini-batch with a maximum of 0.74% zero probability fragments
[2024-01-17 02:07:50.907] [jointLog] [info] Thread saw mini-batch with a maximum of 0.86% zero probability fragments
[2024-01-17 02:07:50.929] [jointLog] [info] Thread saw mini-batch with a maximum of 0.88% zero probability fragments
[2024-01-17 02:07:50.952] [jointLog] [info] Thread saw mini-batch with a maximum of 0.80% zero probability fragments
[2024-01-17 02:07:50.968] [jointLog] [info] Thread saw mini-batch with a maximum of 0.82% zero probability fragments
[2024-01-17 02:07:51.060] [jointLog] [info] Thread saw mini-batch with a maximum of 0.82% zero probability fragments
[2024-01-17 02:07:51.076] [jointLog] [info] Thread saw mini-batch with a maximum of 0.84% zero probability fragments
[2024-01-17 02:07:51.113] [jointLog] [info] Thread saw mini-batch with a maximum of 0.84% zero probability fragments
[2024-01-17 02:07:51.630] [jointLog] [info] Computed 765,589 rich equivalence classes for further processing
[2024-01-17 02:07:51.630] [jointLog] [info] Counted 35,041,751 total reads in the equivalence classes 
[2024-01-17 02:07:51.640] [jointLog] [info] Number of mappings discarded because of alignment score : 87,754,915
[2024-01-17 02:07:51.640] [jointLog] [info] Number of fragments entirely discarded because of alignment score : 3,916,776
[2024-01-17 02:07:51.640] [jointLog] [info] Number of fragments discarded because they are best-mapped to decoys : 0
[2024-01-17 02:07:51.640] [jointLog] [info] Number of fragments discarded because they have only dovetail (discordant) mappings to valid targets : 7,189,071
[2024-01-17 02:07:51.640] [jointLog] [info] Mapping rate = 77.2739%

[2024-01-17 02:07:51.640] [jointLog] [info] finished quantifyLibrary()
[2024-01-17 02:07:51.653] [jointLog] [info] Starting optimizer
[2024-01-17 02:07:51.985] [jointLog] [info] Marked 0 weighted equivalence classes as degenerate
[2024-01-17 02:07:52.045] [jointLog] [info] iteration = 0 | max rel diff. = 4155.36
[2024-01-17 02:07:51.631] [fileLog] [info] 
At end of round 0
==================
Observed 45347480 total fragments (45347480 in most recent round)

[2024-01-17 02:07:52.588] [jointLog] [info] iteration 11, adjusting effective lengths to account for biases
[2024-01-17 02:08:27.775] [jointLog] [info] Computed expected counts (for bias correction)
[2024-01-17 02:08:27.775] [jointLog] [info] processed bias for 0.0% of the transcripts
[2024-01-17 02:08:29.661] [jointLog] [info] processed bias for 10.0% of the transcripts
[2024-01-17 02:08:31.706] [jointLog] [info] processed bias for 20.0% of the transcripts
[2024-01-17 02:08:33.810] [jointLog] [info] processed bias for 30.0% of the transcripts
[2024-01-17 02:08:35.794] [jointLog] [info] processed bias for 40.0% of the transcripts
[2024-01-17 02:08:37.676] [jointLog] [info] processed bias for 50.0% of the transcripts
[2024-01-17 02:08:39.616] [jointLog] [info] processed bias for 60.0% of the transcripts
[2024-01-17 02:08:41.706] [jointLog] [info] processed bias for 70.0% of the transcripts
[2024-01-17 02:08:43.830] [jointLog] [info] processed bias for 80.0% of the transcripts
[2024-01-17 02:08:45.843] [jointLog] [info] processed bias for 90.0% of the transcripts
[2024-01-17 02:08:48.097] [jointLog] [info] processed bias for 100.0% of the transcripts
[2024-01-17 02:08:53.148] [jointLog] [info] iteration = 100 | max rel diff. = 18.945
[2024-01-17 02:08:58.768] [jointLog] [info] iteration = 200 | max rel diff. = 20.4938
[2024-01-17 02:09:04.356] [jointLog] [info] iteration = 300 | max rel diff. = 4.71243
[2024-01-17 02:09:09.950] [jointLog] [info] iteration = 400 | max rel diff. = 2.91556
[2024-01-17 02:09:15.541] [jointLog] [info] iteration = 500 | max rel diff. = 5.76361
[2024-01-17 02:09:21.156] [jointLog] [info] iteration = 600 | max rel diff. = 0.214542
[2024-01-17 02:09:26.742] [jointLog] [info] iteration = 700 | max rel diff. = 0.0804212
[2024-01-17 02:09:32.335] [jointLog] [info] iteration = 800 | max rel diff. = 0.370254
[2024-01-17 02:09:37.934] [jointLog] [info] iteration = 900 | max rel diff. = 12.5198
[2024-01-17 02:09:43.524] [jointLog] [info] iteration = 1,000 | max rel diff. = 0.149085
[2024-01-17 02:09:49.119] [jointLog] [info] iteration = 1,100 | max rel diff. = 0.0163376
[2024-01-17 02:09:54.659] [jointLog] [info] iteration = 1,200 | max rel diff. = 0.050198
[2024-01-17 02:10:00.217] [jointLog] [info] iteration = 1,300 | max rel diff. = 0.661704
[2024-01-17 02:10:05.773] [jointLog] [info] iteration = 1,400 | max rel diff. = 0.0480491
[2024-01-17 02:10:11.485] [jointLog] [info] iteration = 1,500 | max rel diff. = 1.67939
[2024-01-17 02:10:14.561] [jointLog] [info] iteration = 1,554 | max rel diff. = 0.00763945
[2024-01-17 02:10:14.636] [jointLog] [info] Finished optimizer
[2024-01-17 02:10:14.636] [jointLog] [info] writing output 

