[2024-01-17 01:53:08.725] [jointLog] [info] setting maxHashResizeThreads to 13
[2024-01-17 01:53:08.725] [jointLog] [info] Fragment incompatibility prior below threshold.  Incompatible fragments will be ignored.
[2024-01-17 01:53:08.725] [jointLog] [info] Usage of --validateMappings implies use of minScoreFraction. Since not explicitly specified, it is being set to 0.65
[2024-01-17 01:53:08.725] [jointLog] [info] Setting consensusSlack to selective-alignment default of 0.35.
[2024-01-17 01:53:08.725] [jointLog] [info] parsing read library format
[2024-01-17 01:53:08.725] [jointLog] [info] There is 1 library.
[2024-01-17 01:53:08.726] [jointLog] [info] Loading pufferfish index
[2024-01-17 01:53:08.726] [jointLog] [info] Loading dense pufferfish index.
[2024-01-17 01:53:09.678] [jointLog] [info] done
[2024-01-17 01:53:09.765] [jointLog] [info] Index contained 251,955 targets
[2024-01-17 01:53:11.690] [jointLog] [info] Number of decoys : 0
[2024-01-17 01:53:12.458] [jointLog] [info] Automatically detected most likely library type as ISR

[2024-01-17 01:59:31.656] [jointLog] [info] Thread saw mini-batch with a maximum of 0.80% zero probability fragments
[2024-01-17 01:59:31.680] [jointLog] [info] Thread saw mini-batch with a maximum of 0.84% zero probability fragments
[2024-01-17 01:59:31.765] [jointLog] [info] Thread saw mini-batch with a maximum of 0.88% zero probability fragments
[2024-01-17 01:59:31.792] [jointLog] [info] Thread saw mini-batch with a maximum of 0.86% zero probability fragments
[2024-01-17 01:59:31.895] [jointLog] [info] Thread saw mini-batch with a maximum of 0.90% zero probability fragments
[2024-01-17 01:59:31.937] [jointLog] [info] Thread saw mini-batch with a maximum of 0.80% zero probability fragments
[2024-01-17 01:59:31.937] [jointLog] [info] Thread saw mini-batch with a maximum of 0.86% zero probability fragments
[2024-01-17 01:59:31.992] [jointLog] [info] Thread saw mini-batch with a maximum of 0.80% zero probability fragments
[2024-01-17 01:59:32.004] [jointLog] [info] Thread saw mini-batch with a maximum of 0.84% zero probability fragments
[2024-01-17 01:59:32.032] [jointLog] [info] Thread saw mini-batch with a maximum of 0.88% zero probability fragments
[2024-01-17 01:59:32.048] [jointLog] [info] Thread saw mini-batch with a maximum of 0.88% zero probability fragments
[2024-01-17 01:59:32.059] [jointLog] [info] Thread saw mini-batch with a maximum of 0.76% zero probability fragments
[2024-01-17 01:59:32.127] [jointLog] [info] Thread saw mini-batch with a maximum of 0.90% zero probability fragments
[2024-01-17 01:59:32.607] [jointLog] [info] Computed 582,151 rich equivalence classes for further processing
[2024-01-17 01:59:32.607] [jointLog] [info] Counted 39,077,657 total reads in the equivalence classes 
[2024-01-17 01:59:32.617] [jointLog] [info] Number of mappings discarded because of alignment score : 119,641,936
[2024-01-17 01:59:32.617] [jointLog] [info] Number of fragments entirely discarded because of alignment score : 6,073,117
[2024-01-17 01:59:32.617] [jointLog] [info] Number of fragments discarded because they are best-mapped to decoys : 0
[2024-01-17 01:59:32.617] [jointLog] [info] Number of fragments discarded because they have only dovetail (discordant) mappings to valid targets : 12,415,379
[2024-01-17 01:59:32.617] [jointLog] [info] Mapping rate = 76.349%

[2024-01-17 01:59:32.617] [jointLog] [info] finished quantifyLibrary()
[2024-01-17 01:59:32.664] [jointLog] [info] Starting optimizer
[2024-01-17 01:59:32.607] [fileLog] [info] 
At end of round 0
==================
Observed 51182905 total fragments (51182905 in most recent round)

[2024-01-17 01:59:32.957] [jointLog] [info] Marked 0 weighted equivalence classes as degenerate
[2024-01-17 01:59:32.998] [jointLog] [info] iteration = 0 | max rel diff. = 3386.82
[2024-01-17 01:59:33.384] [jointLog] [info] iteration 11, adjusting effective lengths to account for biases
[2024-01-17 02:00:17.435] [jointLog] [info] Computed expected counts (for bias correction)
[2024-01-17 02:00:17.435] [jointLog] [info] processed bias for 0.0% of the transcripts
[2024-01-17 02:00:19.759] [jointLog] [info] processed bias for 10.0% of the transcripts
[2024-01-17 02:00:22.386] [jointLog] [info] processed bias for 20.0% of the transcripts
[2024-01-17 02:00:25.157] [jointLog] [info] processed bias for 30.0% of the transcripts
[2024-01-17 02:00:27.770] [jointLog] [info] processed bias for 40.0% of the transcripts
[2024-01-17 02:00:30.320] [jointLog] [info] processed bias for 50.0% of the transcripts
[2024-01-17 02:00:32.720] [jointLog] [info] processed bias for 60.0% of the transcripts
[2024-01-17 02:00:35.267] [jointLog] [info] processed bias for 70.0% of the transcripts
[2024-01-17 02:00:37.838] [jointLog] [info] processed bias for 80.0% of the transcripts
[2024-01-17 02:00:40.310] [jointLog] [info] processed bias for 90.0% of the transcripts
[2024-01-17 02:00:42.670] [jointLog] [info] processed bias for 100.0% of the transcripts
[2024-01-17 02:00:46.797] [jointLog] [info] iteration = 100 | max rel diff. = 20.0855
[2024-01-17 02:00:51.392] [jointLog] [info] iteration = 200 | max rel diff. = 17.7159
[2024-01-17 02:00:56.004] [jointLog] [info] iteration = 300 | max rel diff. = 1.62639
[2024-01-17 02:01:00.596] [jointLog] [info] iteration = 400 | max rel diff. = 6.57624
[2024-01-17 02:01:05.058] [jointLog] [info] iteration = 500 | max rel diff. = 1.8174
[2024-01-17 02:01:09.584] [jointLog] [info] iteration = 600 | max rel diff. = 0.340546
[2024-01-17 02:01:14.120] [jointLog] [info] iteration = 700 | max rel diff. = 0.180046
[2024-01-17 02:01:18.655] [jointLog] [info] iteration = 800 | max rel diff. = 0.403578
[2024-01-17 02:01:23.168] [jointLog] [info] iteration = 900 | max rel diff. = 0.256203
[2024-01-17 02:01:27.671] [jointLog] [info] iteration = 1,000 | max rel diff. = 0.484241
[2024-01-17 02:01:32.203] [jointLog] [info] iteration = 1,100 | max rel diff. = 0.147718
[2024-01-17 02:01:36.802] [jointLog] [info] iteration = 1,200 | max rel diff. = 0.02042
[2024-01-17 02:01:41.422] [jointLog] [info] iteration = 1,300 | max rel diff. = 0.0496933
[2024-01-17 02:01:46.014] [jointLog] [info] iteration = 1,400 | max rel diff. = 0.754104
[2024-01-17 02:01:49.886] [jointLog] [info] iteration = 1,485 | max rel diff. = 0.00642724
[2024-01-17 02:01:49.964] [jointLog] [info] Finished optimizer
[2024-01-17 02:01:49.964] [jointLog] [info] writing output 

