[2024-01-17 02:10:17.195] [jointLog] [info] setting maxHashResizeThreads to 13
[2024-01-17 02:10:17.195] [jointLog] [info] Fragment incompatibility prior below threshold.  Incompatible fragments will be ignored.
[2024-01-17 02:10:17.195] [jointLog] [info] Usage of --validateMappings implies use of minScoreFraction. Since not explicitly specified, it is being set to 0.65
[2024-01-17 02:10:17.195] [jointLog] [info] Setting consensusSlack to selective-alignment default of 0.35.
[2024-01-17 02:10:17.195] [jointLog] [info] parsing read library format
[2024-01-17 02:10:17.195] [jointLog] [info] There is 1 library.
[2024-01-17 02:10:17.195] [jointLog] [info] Loading pufferfish index
[2024-01-17 02:10:17.195] [jointLog] [info] Loading dense pufferfish index.
[2024-01-17 02:10:18.173] [jointLog] [info] done
[2024-01-17 02:10:18.270] [jointLog] [info] Index contained 251,955 targets
[2024-01-17 02:10:20.201] [jointLog] [info] Number of decoys : 0
[2024-01-17 02:10:21.070] [jointLog] [info] Automatically detected most likely library type as ISR

[2024-01-17 02:15:37.316] [jointLog] [info] Thread saw mini-batch with a maximum of 0.86% zero probability fragments
[2024-01-17 02:15:37.330] [jointLog] [info] Thread saw mini-batch with a maximum of 0.78% zero probability fragments
[2024-01-17 02:15:37.342] [jointLog] [info] Thread saw mini-batch with a maximum of 0.82% zero probability fragments
[2024-01-17 02:15:37.368] [jointLog] [info] Thread saw mini-batch with a maximum of 0.78% zero probability fragments
[2024-01-17 02:15:37.385] [jointLog] [info] Thread saw mini-batch with a maximum of 0.80% zero probability fragments
[2024-01-17 02:15:37.441] [jointLog] [info] Thread saw mini-batch with a maximum of 0.80% zero probability fragments
[2024-01-17 02:15:37.456] [jointLog] [info] Thread saw mini-batch with a maximum of 0.72% zero probability fragments
[2024-01-17 02:15:37.483] [jointLog] [info] Thread saw mini-batch with a maximum of 0.84% zero probability fragments
[2024-01-17 02:15:37.587] [jointLog] [info] Thread saw mini-batch with a maximum of 0.78% zero probability fragments
[2024-01-17 02:15:37.635] [jointLog] [info] Thread saw mini-batch with a maximum of 0.78% zero probability fragments
[2024-01-17 02:15:37.659] [jointLog] [info] Thread saw mini-batch with a maximum of 0.86% zero probability fragments
[2024-01-17 02:15:37.669] [jointLog] [info] Thread saw mini-batch with a maximum of 0.84% zero probability fragments
[2024-01-17 02:15:37.742] [jointLog] [info] Thread saw mini-batch with a maximum of 0.86% zero probability fragments
[2024-01-17 02:15:38.124] [fileLog] [info] 
At end of round 0
==================
Observed 44825641 total fragments (44825641 in most recent round)

[2024-01-17 02:15:38.123] [jointLog] [info] Computed 489,133 rich equivalence classes for further processing
[2024-01-17 02:15:38.123] [jointLog] [info] Counted 34,140,943 total reads in the equivalence classes 
[2024-01-17 02:15:38.134] [jointLog] [info] Number of mappings discarded because of alignment score : 102,008,175
[2024-01-17 02:15:38.134] [jointLog] [info] Number of fragments entirely discarded because of alignment score : 5,401,066
[2024-01-17 02:15:38.134] [jointLog] [info] Number of fragments discarded because they are best-mapped to decoys : 0
[2024-01-17 02:15:38.134] [jointLog] [info] Number of fragments discarded because they have only dovetail (discordant) mappings to valid targets : 9,533,760
[2024-01-17 02:15:38.134] [jointLog] [info] Mapping rate = 76.1639%

[2024-01-17 02:15:38.134] [jointLog] [info] finished quantifyLibrary()
[2024-01-17 02:15:38.161] [jointLog] [info] Starting optimizer
[2024-01-17 02:15:38.443] [jointLog] [info] Marked 0 weighted equivalence classes as degenerate
[2024-01-17 02:15:38.481] [jointLog] [info] iteration = 0 | max rel diff. = 4288.27
[2024-01-17 02:15:38.839] [jointLog] [info] iteration 11, adjusting effective lengths to account for biases
[2024-01-17 02:16:23.450] [jointLog] [info] Computed expected counts (for bias correction)
[2024-01-17 02:16:23.450] [jointLog] [info] processed bias for 0.0% of the transcripts
[2024-01-17 02:16:25.901] [jointLog] [info] processed bias for 10.0% of the transcripts
[2024-01-17 02:16:28.532] [jointLog] [info] processed bias for 20.0% of the transcripts
[2024-01-17 02:16:31.150] [jointLog] [info] processed bias for 30.0% of the transcripts
[2024-01-17 02:16:33.655] [jointLog] [info] processed bias for 40.0% of the transcripts
[2024-01-17 02:16:36.194] [jointLog] [info] processed bias for 50.0% of the transcripts
[2024-01-17 02:16:38.709] [jointLog] [info] processed bias for 60.0% of the transcripts
[2024-01-17 02:16:41.350] [jointLog] [info] processed bias for 70.0% of the transcripts
[2024-01-17 02:16:43.826] [jointLog] [info] processed bias for 80.0% of the transcripts
[2024-01-17 02:16:46.534] [jointLog] [info] processed bias for 90.0% of the transcripts
[2024-01-17 02:16:49.250] [jointLog] [info] processed bias for 100.0% of the transcripts
[2024-01-17 02:16:52.994] [jointLog] [info] iteration = 100 | max rel diff. = 19.8323
[2024-01-17 02:16:57.178] [jointLog] [info] iteration = 200 | max rel diff. = 4.69563
[2024-01-17 02:17:01.323] [jointLog] [info] iteration = 300 | max rel diff. = 7.31535
[2024-01-17 02:17:05.373] [jointLog] [info] iteration = 400 | max rel diff. = 13.3388
[2024-01-17 02:17:09.447] [jointLog] [info] iteration = 500 | max rel diff. = 3.49829
[2024-01-17 02:17:13.636] [jointLog] [info] iteration = 600 | max rel diff. = 1.69842
[2024-01-17 02:17:17.821] [jointLog] [info] iteration = 700 | max rel diff. = 0.242702
[2024-01-17 02:17:22.000] [jointLog] [info] iteration = 800 | max rel diff. = 0.0850667
[2024-01-17 02:17:26.229] [jointLog] [info] iteration = 900 | max rel diff. = 0.0297291
[2024-01-17 02:17:30.423] [jointLog] [info] iteration = 1,000 | max rel diff. = 0.556052
[2024-01-17 02:17:34.792] [jointLog] [info] iteration = 1,100 | max rel diff. = 0.0222459
[2024-01-17 02:17:39.129] [jointLog] [info] iteration = 1,200 | max rel diff. = 0.335362
[2024-01-17 02:17:43.408] [jointLog] [info] iteration = 1,300 | max rel diff. = 0.936902
[2024-01-17 02:17:47.691] [jointLog] [info] iteration = 1,400 | max rel diff. = 0.0948388
[2024-01-17 02:17:51.999] [jointLog] [info] iteration = 1,500 | max rel diff. = 0.908206
[2024-01-17 02:17:56.257] [jointLog] [info] iteration = 1,600 | max rel diff. = 0.0374238
[2024-01-17 02:18:00.518] [jointLog] [info] iteration = 1,700 | max rel diff. = 0.0303525
[2024-01-17 02:18:02.168] [jointLog] [info] iteration = 1,741 | max rel diff. = 0.00802849
[2024-01-17 02:18:02.228] [jointLog] [info] Finished optimizer
[2024-01-17 02:18:02.228] [jointLog] [info] writing output 

