[2024-01-17 00:15:33.402] [jointLog] [info] setting maxHashResizeThreads to 13
[2024-01-17 00:15:33.402] [jointLog] [info] Fragment incompatibility prior below threshold.  Incompatible fragments will be ignored.
[2024-01-17 00:15:33.402] [jointLog] [info] Usage of --validateMappings implies use of minScoreFraction. Since not explicitly specified, it is being set to 0.65
[2024-01-17 00:15:33.402] [jointLog] [info] Setting consensusSlack to selective-alignment default of 0.35.
[2024-01-17 00:15:33.402] [jointLog] [info] parsing read library format
[2024-01-17 00:15:33.402] [jointLog] [info] There is 1 library.
[2024-01-17 00:15:33.403] [jointLog] [info] Loading pufferfish index
[2024-01-17 00:15:33.403] [jointLog] [info] Loading dense pufferfish index.
[2024-01-17 00:15:34.317] [jointLog] [info] done
[2024-01-17 00:15:34.513] [jointLog] [info] Index contained 251,955 targets
[2024-01-17 00:15:36.349] [jointLog] [info] Number of decoys : 0
[2024-01-17 00:15:37.259] [jointLog] [info] Automatically detected most likely library type as ISR

[2024-01-17 00:22:49.298] [jointLog] [info] Thread saw mini-batch with a maximum of 1.04% zero probability fragments
[2024-01-17 00:22:49.315] [jointLog] [info] Thread saw mini-batch with a maximum of 1.06% zero probability fragments
[2024-01-17 00:22:49.344] [jointLog] [info] Thread saw mini-batch with a maximum of 1.20% zero probability fragments
[2024-01-17 00:22:49.357] [jointLog] [info] Thread saw mini-batch with a maximum of 1.06% zero probability fragments
[2024-01-17 00:22:49.374] [jointLog] [info] Thread saw mini-batch with a maximum of 1.06% zero probability fragments
[2024-01-17 00:22:49.440] [jointLog] [info] Thread saw mini-batch with a maximum of 1.02% zero probability fragments
[2024-01-17 00:22:49.483] [jointLog] [info] Thread saw mini-batch with a maximum of 1.04% zero probability fragments
[2024-01-17 00:22:49.489] [jointLog] [info] Thread saw mini-batch with a maximum of 1.10% zero probability fragments
[2024-01-17 00:22:49.519] [jointLog] [info] Thread saw mini-batch with a maximum of 1.08% zero probability fragments
[2024-01-17 00:22:49.519] [jointLog] [info] Thread saw mini-batch with a maximum of 1.14% zero probability fragments
[2024-01-17 00:22:49.758] [jointLog] [info] Thread saw mini-batch with a maximum of 1.16% zero probability fragments
[2024-01-17 00:22:49.808] [jointLog] [info] Thread saw mini-batch with a maximum of 1.06% zero probability fragments
[2024-01-17 00:22:49.842] [jointLog] [info] Thread saw mini-batch with a maximum of 1.06% zero probability fragments
[2024-01-17 00:22:50.396] [jointLog] [info] Computed 614,356 rich equivalence classes for further processing
[2024-01-17 00:22:50.396] [jointLog] [info] Counted 36,471,230 total reads in the equivalence classes 
[2024-01-17 00:22:50.410] [jointLog] [info] Number of mappings discarded because of alignment score : 126,137,806
[2024-01-17 00:22:50.410] [jointLog] [info] Number of fragments entirely discarded because of alignment score : 6,299,433
[2024-01-17 00:22:50.410] [jointLog] [info] Number of fragments discarded because they are best-mapped to decoys : 0
[2024-01-17 00:22:50.410] [jointLog] [info] Number of fragments discarded because they have only dovetail (discordant) mappings to valid targets : 9,868,486
[2024-01-17 00:22:50.410] [jointLog] [info] Mapping rate = 72.5974%

[2024-01-17 00:22:50.410] [jointLog] [info] finished quantifyLibrary()
[2024-01-17 00:22:50.420] [jointLog] [info] Starting optimizer
[2024-01-17 00:22:50.398] [fileLog] [info] 
At end of round 0
==================
Observed 50237649 total fragments (50237649 in most recent round)

[2024-01-17 00:22:50.756] [jointLog] [info] Marked 0 weighted equivalence classes as degenerate
[2024-01-17 00:22:50.810] [jointLog] [info] iteration = 0 | max rel diff. = 3898.33
[2024-01-17 00:22:51.313] [jointLog] [info] iteration 11, adjusting effective lengths to account for biases
[2024-01-17 00:23:36.307] [jointLog] [info] Computed expected counts (for bias correction)
[2024-01-17 00:23:36.307] [jointLog] [info] processed bias for 0.0% of the transcripts
[2024-01-17 00:23:38.641] [jointLog] [info] processed bias for 10.0% of the transcripts
[2024-01-17 00:23:41.430] [jointLog] [info] processed bias for 20.0% of the transcripts
[2024-01-17 00:23:44.264] [jointLog] [info] processed bias for 30.0% of the transcripts
[2024-01-17 00:23:46.827] [jointLog] [info] processed bias for 40.0% of the transcripts
[2024-01-17 00:23:49.289] [jointLog] [info] processed bias for 50.0% of the transcripts
[2024-01-17 00:23:51.688] [jointLog] [info] processed bias for 60.0% of the transcripts
[2024-01-17 00:23:54.176] [jointLog] [info] processed bias for 70.0% of the transcripts
[2024-01-17 00:23:56.676] [jointLog] [info] processed bias for 80.0% of the transcripts
[2024-01-17 00:23:59.109] [jointLog] [info] processed bias for 90.0% of the transcripts
[2024-01-17 00:24:01.665] [jointLog] [info] processed bias for 100.0% of the transcripts
[2024-01-17 00:24:01.672] [jointLog] [info] processed bias for 100.0% of the transcripts
[2024-01-17 00:24:05.718] [jointLog] [info] iteration = 100 | max rel diff. = 18.311
[2024-01-17 00:24:10.168] [jointLog] [info] iteration = 200 | max rel diff. = 4.84925
[2024-01-17 00:24:14.644] [jointLog] [info] iteration = 300 | max rel diff. = 4.42417
[2024-01-17 00:24:19.114] [jointLog] [info] iteration = 400 | max rel diff. = 1.35548
[2024-01-17 00:24:23.585] [jointLog] [info] iteration = 500 | max rel diff. = 0.360508
[2024-01-17 00:24:27.927] [jointLog] [info] iteration = 600 | max rel diff. = 12.5063
[2024-01-17 00:24:32.036] [jointLog] [info] iteration = 700 | max rel diff. = 4.0036
[2024-01-17 00:24:36.086] [jointLog] [info] iteration = 800 | max rel diff. = 0.246011
[2024-01-17 00:24:40.172] [jointLog] [info] iteration = 900 | max rel diff. = 0.537444
[2024-01-17 00:24:44.318] [jointLog] [info] iteration = 1,000 | max rel diff. = 0.0860004
[2024-01-17 00:24:48.392] [jointLog] [info] iteration = 1,100 | max rel diff. = 0.100698
[2024-01-17 00:24:52.679] [jointLog] [info] iteration = 1,200 | max rel diff. = 0.243669
[2024-01-17 00:24:56.847] [jointLog] [info] iteration = 1,300 | max rel diff. = 0.846514
[2024-01-17 00:25:01.073] [jointLog] [info] iteration = 1,400 | max rel diff. = 0.4503
[2024-01-17 00:25:05.390] [jointLog] [info] iteration = 1,500 | max rel diff. = 1.54601
[2024-01-17 00:25:09.714] [jointLog] [info] iteration = 1,600 | max rel diff. = 0.0259735
[2024-01-17 00:25:14.003] [jointLog] [info] iteration = 1,700 | max rel diff. = 0.0278069
[2024-01-17 00:25:18.176] [jointLog] [info] iteration = 1,800 | max rel diff. = 0.260523
[2024-01-17 00:25:19.894] [jointLog] [info] iteration = 1,842 | max rel diff. = 0.00503461
[2024-01-17 00:25:19.946] [jointLog] [info] Finished optimizer
[2024-01-17 00:25:19.946] [jointLog] [info] writing output 

