[2024-01-17 01:21:30.435] [jointLog] [info] setting maxHashResizeThreads to 13
[2024-01-17 01:21:30.435] [jointLog] [info] Fragment incompatibility prior below threshold.  Incompatible fragments will be ignored.
[2024-01-17 01:21:30.435] [jointLog] [info] Usage of --validateMappings implies use of minScoreFraction. Since not explicitly specified, it is being set to 0.65
[2024-01-17 01:21:30.435] [jointLog] [info] Setting consensusSlack to selective-alignment default of 0.35.
[2024-01-17 01:21:30.435] [jointLog] [info] parsing read library format
[2024-01-17 01:21:30.435] [jointLog] [info] There is 1 library.
[2024-01-17 01:21:30.435] [jointLog] [info] Loading pufferfish index
[2024-01-17 01:21:30.435] [jointLog] [info] Loading dense pufferfish index.
[2024-01-17 01:21:31.435] [jointLog] [info] done
[2024-01-17 01:21:31.599] [jointLog] [info] Index contained 251,955 targets
[2024-01-17 01:21:33.566] [jointLog] [info] Number of decoys : 0
[2024-01-17 01:21:34.328] [jointLog] [info] Automatically detected most likely library type as ISR

[2024-01-17 01:27:02.296] [jointLog] [info] Thread saw mini-batch with a maximum of 0.86% zero probability fragments
[2024-01-17 01:27:02.370] [jointLog] [info] Thread saw mini-batch with a maximum of 0.86% zero probability fragments
[2024-01-17 01:27:02.403] [jointLog] [info] Thread saw mini-batch with a maximum of 0.86% zero probability fragments
[2024-01-17 01:27:02.425] [jointLog] [info] Thread saw mini-batch with a maximum of 0.92% zero probability fragments
[2024-01-17 01:27:02.472] [jointLog] [info] Thread saw mini-batch with a maximum of 0.84% zero probability fragments
[2024-01-17 01:27:02.552] [jointLog] [info] Thread saw mini-batch with a maximum of 0.88% zero probability fragments
[2024-01-17 01:27:02.565] [jointLog] [info] Thread saw mini-batch with a maximum of 0.88% zero probability fragments
[2024-01-17 01:27:02.580] [jointLog] [info] Thread saw mini-batch with a maximum of 0.90% zero probability fragments
[2024-01-17 01:27:02.600] [jointLog] [info] Thread saw mini-batch with a maximum of 1.04% zero probability fragments
[2024-01-17 01:27:02.608] [jointLog] [info] Thread saw mini-batch with a maximum of 1.00% zero probability fragments
[2024-01-17 01:27:02.682] [jointLog] [info] Thread saw mini-batch with a maximum of 0.92% zero probability fragments
[2024-01-17 01:27:02.694] [jointLog] [info] Thread saw mini-batch with a maximum of 0.88% zero probability fragments
[2024-01-17 01:27:02.758] [jointLog] [info] Thread saw mini-batch with a maximum of 0.98% zero probability fragments
[2024-01-17 01:27:03.286] [jointLog] [info] Computed 526,625 rich equivalence classes for further processing
[2024-01-17 01:27:03.286] [jointLog] [info] Counted 31,508,946 total reads in the equivalence classes 
[2024-01-17 01:27:03.297] [jointLog] [info] Number of mappings discarded because of alignment score : 97,273,783
[2024-01-17 01:27:03.297] [jointLog] [info] Number of fragments entirely discarded because of alignment score : 4,942,386
[2024-01-17 01:27:03.297] [jointLog] [info] Number of fragments discarded because they are best-mapped to decoys : 0
[2024-01-17 01:27:03.297] [jointLog] [info] Number of fragments discarded because they have only dovetail (discordant) mappings to valid targets : 8,628,278
[2024-01-17 01:27:03.297] [jointLog] [info] Mapping rate = 74.8616%

[2024-01-17 01:27:03.297] [jointLog] [info] finished quantifyLibrary()
[2024-01-17 01:27:03.312] [jointLog] [info] Starting optimizer
[2024-01-17 01:27:03.640] [jointLog] [info] Marked 0 weighted equivalence classes as degenerate
[2024-01-17 01:27:03.287] [fileLog] [info] 
At end of round 0
==================
Observed 42089583 total fragments (42089583 in most recent round)

[2024-01-17 01:27:03.682] [jointLog] [info] iteration = 0 | max rel diff. = 4616.55
[2024-01-17 01:27:04.088] [jointLog] [info] iteration 11, adjusting effective lengths to account for biases
[2024-01-17 01:27:47.279] [jointLog] [info] Computed expected counts (for bias correction)
[2024-01-17 01:27:47.279] [jointLog] [info] processed bias for 0.0% of the transcripts
[2024-01-17 01:27:49.630] [jointLog] [info] processed bias for 10.0% of the transcripts
[2024-01-17 01:27:52.091] [jointLog] [info] processed bias for 20.0% of the transcripts
[2024-01-17 01:27:54.689] [jointLog] [info] processed bias for 30.0% of the transcripts
[2024-01-17 01:27:57.188] [jointLog] [info] processed bias for 40.0% of the transcripts
[2024-01-17 01:27:59.591] [jointLog] [info] processed bias for 50.0% of the transcripts
[2024-01-17 01:28:02.104] [jointLog] [info] processed bias for 60.0% of the transcripts
[2024-01-17 01:28:04.845] [jointLog] [info] processed bias for 70.0% of the transcripts
[2024-01-17 01:28:07.288] [jointLog] [info] processed bias for 80.0% of the transcripts
[2024-01-17 01:28:09.888] [jointLog] [info] processed bias for 90.0% of the transcripts
[2024-01-17 01:28:12.368] [jointLog] [info] processed bias for 100.0% of the transcripts
[2024-01-17 01:28:12.371] [jointLog] [info] processed bias for 100.0% of the transcripts
[2024-01-17 01:28:16.150] [jointLog] [info] iteration = 100 | max rel diff. = 18.8249
[2024-01-17 01:28:20.469] [jointLog] [info] iteration = 200 | max rel diff. = 11.1946
[2024-01-17 01:28:24.815] [jointLog] [info] iteration = 300 | max rel diff. = 6.35222
[2024-01-17 01:28:29.148] [jointLog] [info] iteration = 400 | max rel diff. = 0.414782
[2024-01-17 01:28:33.508] [jointLog] [info] iteration = 500 | max rel diff. = 0.243961
[2024-01-17 01:28:37.866] [jointLog] [info] iteration = 600 | max rel diff. = 0.36655
[2024-01-17 01:28:42.191] [jointLog] [info] iteration = 700 | max rel diff. = 7.91042
[2024-01-17 01:28:46.484] [jointLog] [info] iteration = 800 | max rel diff. = 0.383168
[2024-01-17 01:28:50.751] [jointLog] [info] iteration = 900 | max rel diff. = 0.0737856
[2024-01-17 01:28:55.015] [jointLog] [info] iteration = 1,000 | max rel diff. = 0.0554846
[2024-01-17 01:28:59.279] [jointLog] [info] iteration = 1,100 | max rel diff. = 0.473102
[2024-01-17 01:29:03.629] [jointLog] [info] iteration = 1,200 | max rel diff. = 0.0277467
[2024-01-17 01:29:07.938] [jointLog] [info] iteration = 1,300 | max rel diff. = 0.0271825
[2024-01-17 01:29:10.098] [jointLog] [info] iteration = 1,348 | max rel diff. = 0.00958169
[2024-01-17 01:29:10.167] [jointLog] [info] Finished optimizer
[2024-01-17 01:29:10.167] [jointLog] [info] writing output 

