[2024-01-17 01:04:31.055] [jointLog] [info] setting maxHashResizeThreads to 13
[2024-01-17 01:04:31.055] [jointLog] [info] Fragment incompatibility prior below threshold.  Incompatible fragments will be ignored.
[2024-01-17 01:04:31.055] [jointLog] [info] Usage of --validateMappings implies use of minScoreFraction. Since not explicitly specified, it is being set to 0.65
[2024-01-17 01:04:31.055] [jointLog] [info] Setting consensusSlack to selective-alignment default of 0.35.
[2024-01-17 01:04:31.055] [jointLog] [info] parsing read library format
[2024-01-17 01:04:31.055] [jointLog] [info] There is 1 library.
[2024-01-17 01:04:31.056] [jointLog] [info] Loading pufferfish index
[2024-01-17 01:04:31.056] [jointLog] [info] Loading dense pufferfish index.
[2024-01-17 01:04:31.976] [jointLog] [info] done
[2024-01-17 01:04:32.105] [jointLog] [info] Index contained 251,955 targets
[2024-01-17 01:04:33.930] [jointLog] [info] Number of decoys : 0
[2024-01-17 01:04:35.011] [jointLog] [info] Automatically detected most likely library type as ISR

[2024-01-17 01:11:15.926] [jointLog] [info] Thread saw mini-batch with a maximum of 1.26% zero probability fragments
[2024-01-17 01:11:15.931] [jointLog] [info] Thread saw mini-batch with a maximum of 1.26% zero probability fragments
[2024-01-17 01:11:15.938] [jointLog] [info] Thread saw mini-batch with a maximum of 1.18% zero probability fragments
[2024-01-17 01:11:15.999] [jointLog] [info] Thread saw mini-batch with a maximum of 1.24% zero probability fragments
[2024-01-17 01:11:16.002] [jointLog] [info] Thread saw mini-batch with a maximum of 1.30% zero probability fragments
[2024-01-17 01:11:16.096] [jointLog] [info] Thread saw mini-batch with a maximum of 1.20% zero probability fragments
[2024-01-17 01:11:16.128] [jointLog] [info] Thread saw mini-batch with a maximum of 1.20% zero probability fragments
[2024-01-17 01:11:16.274] [jointLog] [info] Thread saw mini-batch with a maximum of 1.38% zero probability fragments
[2024-01-17 01:11:16.295] [jointLog] [info] Thread saw mini-batch with a maximum of 1.30% zero probability fragments
[2024-01-17 01:11:16.312] [jointLog] [info] Thread saw mini-batch with a maximum of 1.22% zero probability fragments
[2024-01-17 01:11:16.322] [jointLog] [info] Thread saw mini-batch with a maximum of 1.32% zero probability fragments
[2024-01-17 01:11:16.375] [jointLog] [info] Thread saw mini-batch with a maximum of 1.18% zero probability fragments
[2024-01-17 01:11:16.409] [jointLog] [info] Thread saw mini-batch with a maximum of 1.22% zero probability fragments
[2024-01-17 01:11:16.842] [jointLog] [info] Computed 587,162 rich equivalence classes for further processing
[2024-01-17 01:11:16.842] [jointLog] [info] Counted 31,078,562 total reads in the equivalence classes 
[2024-01-17 01:11:16.851] [jointLog] [info] Number of mappings discarded because of alignment score : 125,060,213
[2024-01-17 01:11:16.851] [jointLog] [info] Number of fragments entirely discarded because of alignment score : 5,555,085
[2024-01-17 01:11:16.851] [jointLog] [info] Number of fragments discarded because they are best-mapped to decoys : 0
[2024-01-17 01:11:16.851] [jointLog] [info] Number of fragments discarded because they have only dovetail (discordant) mappings to valid targets : 8,649,496
[2024-01-17 01:11:16.851] [jointLog] [info] Mapping rate = 71.3347%

[2024-01-17 01:11:16.851] [jointLog] [info] finished quantifyLibrary()
[2024-01-17 01:11:16.898] [jointLog] [info] Starting optimizer
[2024-01-17 01:11:17.165] [jointLog] [info] Marked 0 weighted equivalence classes as degenerate
[2024-01-17 01:11:17.215] [jointLog] [info] iteration = 0 | max rel diff. = 4654.28
[2024-01-17 01:11:16.843] [fileLog] [info] 
At end of round 0
==================
Observed 43567236 total fragments (43567236 in most recent round)

[2024-01-17 01:11:17.676] [jointLog] [info] iteration 11, adjusting effective lengths to account for biases
[2024-01-17 01:11:58.371] [jointLog] [info] Computed expected counts (for bias correction)
[2024-01-17 01:11:58.371] [jointLog] [info] processed bias for 0.0% of the transcripts
[2024-01-17 01:12:00.540] [jointLog] [info] processed bias for 10.0% of the transcripts
[2024-01-17 01:12:02.916] [jointLog] [info] processed bias for 20.0% of the transcripts
[2024-01-17 01:12:05.459] [jointLog] [info] processed bias for 30.0% of the transcripts
[2024-01-17 01:12:07.773] [jointLog] [info] processed bias for 40.0% of the transcripts
[2024-01-17 01:12:10.010] [jointLog] [info] processed bias for 50.0% of the transcripts
[2024-01-17 01:12:12.280] [jointLog] [info] processed bias for 60.0% of the transcripts
[2024-01-17 01:12:14.565] [jointLog] [info] processed bias for 70.0% of the transcripts
[2024-01-17 01:12:16.742] [jointLog] [info] processed bias for 80.0% of the transcripts
[2024-01-17 01:12:19.007] [jointLog] [info] processed bias for 90.0% of the transcripts
[2024-01-17 01:12:21.177] [jointLog] [info] processed bias for 100.0% of the transcripts
[2024-01-17 01:12:24.940] [jointLog] [info] iteration = 100 | max rel diff. = 19.2179
[2024-01-17 01:12:29.119] [jointLog] [info] iteration = 200 | max rel diff. = 13.8751
[2024-01-17 01:12:33.270] [jointLog] [info] iteration = 300 | max rel diff. = 13.9523
[2024-01-17 01:12:37.384] [jointLog] [info] iteration = 400 | max rel diff. = 13.075
[2024-01-17 01:12:41.511] [jointLog] [info] iteration = 500 | max rel diff. = 12.9446
[2024-01-17 01:12:45.680] [jointLog] [info] iteration = 600 | max rel diff. = 1.97402
[2024-01-17 01:12:49.850] [jointLog] [info] iteration = 700 | max rel diff. = 1.68368
[2024-01-17 01:12:54.024] [jointLog] [info] iteration = 800 | max rel diff. = 0.218974
[2024-01-17 01:12:58.157] [jointLog] [info] iteration = 900 | max rel diff. = 0.255599
[2024-01-17 01:13:02.304] [jointLog] [info] iteration = 1,000 | max rel diff. = 15.5559
[2024-01-17 01:13:06.439] [jointLog] [info] iteration = 1,100 | max rel diff. = 0.0294278
[2024-01-17 01:13:10.613] [jointLog] [info] iteration = 1,200 | max rel diff. = 0.0783737
[2024-01-17 01:13:14.854] [jointLog] [info] iteration = 1,300 | max rel diff. = 0.0300932
[2024-01-17 01:13:17.710] [jointLog] [info] iteration = 1,369 | max rel diff. = 0.00780967
[2024-01-17 01:13:17.761] [jointLog] [info] Finished optimizer
[2024-01-17 01:13:17.761] [jointLog] [info] writing output 

