[2024-01-17 01:13:18.848] [jointLog] [info] setting maxHashResizeThreads to 13
[2024-01-17 01:13:18.848] [jointLog] [info] Fragment incompatibility prior below threshold.  Incompatible fragments will be ignored.
[2024-01-17 01:13:18.848] [jointLog] [info] Usage of --validateMappings implies use of minScoreFraction. Since not explicitly specified, it is being set to 0.65
[2024-01-17 01:13:18.848] [jointLog] [info] Setting consensusSlack to selective-alignment default of 0.35.
[2024-01-17 01:13:18.848] [jointLog] [info] parsing read library format
[2024-01-17 01:13:18.848] [jointLog] [info] There is 1 library.
[2024-01-17 01:13:18.849] [jointLog] [info] Loading pufferfish index
[2024-01-17 01:13:18.849] [jointLog] [info] Loading dense pufferfish index.
[2024-01-17 01:13:19.760] [jointLog] [info] done
[2024-01-17 01:13:19.883] [jointLog] [info] Index contained 251,955 targets
[2024-01-17 01:13:21.700] [jointLog] [info] Number of decoys : 0
[2024-01-17 01:13:22.427] [jointLog] [info] Automatically detected most likely library type as ISR

[2024-01-17 01:19:17.644] [jointLog] [info] Thread saw mini-batch with a maximum of 1.06% zero probability fragments
[2024-01-17 01:19:17.709] [jointLog] [info] Thread saw mini-batch with a maximum of 1.04% zero probability fragments
[2024-01-17 01:19:17.767] [jointLog] [info] Thread saw mini-batch with a maximum of 1.08% zero probability fragments
[2024-01-17 01:19:17.855] [jointLog] [info] Thread saw mini-batch with a maximum of 1.04% zero probability fragments
[2024-01-17 01:19:17.875] [jointLog] [info] Thread saw mini-batch with a maximum of 1.02% zero probability fragments
[2024-01-17 01:19:17.880] [jointLog] [info] Thread saw mini-batch with a maximum of 1.04% zero probability fragments
[2024-01-17 01:19:17.894] [jointLog] [info] Thread saw mini-batch with a maximum of 1.10% zero probability fragments
[2024-01-17 01:19:17.914] [jointLog] [info] Thread saw mini-batch with a maximum of 1.00% zero probability fragments
[2024-01-17 01:19:17.926] [jointLog] [info] Thread saw mini-batch with a maximum of 1.02% zero probability fragments
[2024-01-17 01:19:17.993] [jointLog] [info] Thread saw mini-batch with a maximum of 0.98% zero probability fragments
[2024-01-17 01:19:18.031] [jointLog] [info] Thread saw mini-batch with a maximum of 0.98% zero probability fragments
[2024-01-17 01:19:18.085] [jointLog] [info] Thread saw mini-batch with a maximum of 1.20% zero probability fragments
[2024-01-17 01:19:18.120] [jointLog] [info] Thread saw mini-batch with a maximum of 1.02% zero probability fragments
[2024-01-17 01:19:18.564] [fileLog] [info] 
At end of round 0
==================
Observed 42120596 total fragments (42120596 in most recent round)

[2024-01-17 01:19:18.563] [jointLog] [info] Computed 553,818 rich equivalence classes for further processing
[2024-01-17 01:19:18.563] [jointLog] [info] Counted 31,776,130 total reads in the equivalence classes 
[2024-01-17 01:19:18.574] [jointLog] [info] Number of mappings discarded because of alignment score : 101,283,628
[2024-01-17 01:19:18.574] [jointLog] [info] Number of fragments entirely discarded because of alignment score : 4,146,880
[2024-01-17 01:19:18.574] [jointLog] [info] Number of fragments discarded because they are best-mapped to decoys : 0
[2024-01-17 01:19:18.574] [jointLog] [info] Number of fragments discarded because they have only dovetail (discordant) mappings to valid targets : 6,953,592
[2024-01-17 01:19:18.574] [jointLog] [info] Mapping rate = 75.4408%

[2024-01-17 01:19:18.574] [jointLog] [info] finished quantifyLibrary()
[2024-01-17 01:19:18.575] [jointLog] [info] Starting optimizer
[2024-01-17 01:19:18.861] [jointLog] [info] Marked 0 weighted equivalence classes as degenerate
[2024-01-17 01:19:18.901] [jointLog] [info] iteration = 0 | max rel diff. = 4581.5
[2024-01-17 01:19:19.307] [jointLog] [info] iteration 11, adjusting effective lengths to account for biases
[2024-01-17 01:20:03.775] [jointLog] [info] Computed expected counts (for bias correction)
[2024-01-17 01:20:03.775] [jointLog] [info] processed bias for 0.0% of the transcripts
[2024-01-17 01:20:06.142] [jointLog] [info] processed bias for 10.0% of the transcripts
[2024-01-17 01:20:08.801] [jointLog] [info] processed bias for 20.0% of the transcripts
[2024-01-17 01:20:11.522] [jointLog] [info] processed bias for 30.0% of the transcripts
[2024-01-17 01:20:13.911] [jointLog] [info] processed bias for 40.0% of the transcripts
[2024-01-17 01:20:16.306] [jointLog] [info] processed bias for 50.0% of the transcripts
[2024-01-17 01:20:18.681] [jointLog] [info] processed bias for 60.0% of the transcripts
[2024-01-17 01:20:21.304] [jointLog] [info] processed bias for 70.0% of the transcripts
[2024-01-17 01:20:23.804] [jointLog] [info] processed bias for 80.0% of the transcripts
[2024-01-17 01:20:26.521] [jointLog] [info] processed bias for 90.0% of the transcripts
[2024-01-17 01:20:29.149] [jointLog] [info] processed bias for 100.0% of the transcripts
[2024-01-17 01:20:29.159] [jointLog] [info] processed bias for 100.0% of the transcripts
[2024-01-17 01:20:33.350] [jointLog] [info] iteration = 100 | max rel diff. = 17.9458
[2024-01-17 01:20:38.107] [jointLog] [info] iteration = 200 | max rel diff. = 11.7105
[2024-01-17 01:20:42.818] [jointLog] [info] iteration = 300 | max rel diff. = 8.52542
[2024-01-17 01:20:47.479] [jointLog] [info] iteration = 400 | max rel diff. = 17.5718
[2024-01-17 01:20:52.114] [jointLog] [info] iteration = 500 | max rel diff. = 1.07424
[2024-01-17 01:20:56.766] [jointLog] [info] iteration = 600 | max rel diff. = 0.294198
[2024-01-17 01:21:01.350] [jointLog] [info] iteration = 700 | max rel diff. = 2.58604
[2024-01-17 01:21:05.964] [jointLog] [info] iteration = 800 | max rel diff. = 0.303917
[2024-01-17 01:21:10.553] [jointLog] [info] iteration = 900 | max rel diff. = 0.106767
[2024-01-17 01:21:15.114] [jointLog] [info] iteration = 1,000 | max rel diff. = 0.516571
[2024-01-17 01:21:19.653] [jointLog] [info] iteration = 1,100 | max rel diff. = 0.0468375
[2024-01-17 01:21:24.195] [jointLog] [info] iteration = 1,200 | max rel diff. = 0.0170745
[2024-01-17 01:21:27.997] [jointLog] [info] iteration = 1,284 | max rel diff. = 0.00811102
[2024-01-17 01:21:28.068] [jointLog] [info] Finished optimizer
[2024-01-17 01:21:28.068] [jointLog] [info] writing output 

