[2024-01-17 00:45:04.871] [jointLog] [info] setting maxHashResizeThreads to 13
[2024-01-17 00:45:04.871] [jointLog] [info] Fragment incompatibility prior below threshold.  Incompatible fragments will be ignored.
[2024-01-17 00:45:04.871] [jointLog] [info] Usage of --validateMappings implies use of minScoreFraction. Since not explicitly specified, it is being set to 0.65
[2024-01-17 00:45:04.871] [jointLog] [info] Setting consensusSlack to selective-alignment default of 0.35.
[2024-01-17 00:45:04.871] [jointLog] [info] parsing read library format
[2024-01-17 00:45:04.871] [jointLog] [info] There is 1 library.
[2024-01-17 00:45:04.872] [jointLog] [info] Loading pufferfish index
[2024-01-17 00:45:04.872] [jointLog] [info] Loading dense pufferfish index.
[2024-01-17 00:45:05.830] [jointLog] [info] done
[2024-01-17 00:45:05.979] [jointLog] [info] Index contained 251,955 targets
[2024-01-17 00:45:07.909] [jointLog] [info] Number of decoys : 0
[2024-01-17 00:45:08.828] [jointLog] [info] Automatically detected most likely library type as ISR

[2024-01-17 00:52:08.880] [jointLog] [info] Thread saw mini-batch with a maximum of 1.26% zero probability fragments
[2024-01-17 00:52:08.894] [jointLog] [info] Thread saw mini-batch with a maximum of 1.30% zero probability fragments
[2024-01-17 00:52:08.961] [jointLog] [info] Thread saw mini-batch with a maximum of 1.16% zero probability fragments
[2024-01-17 00:52:08.995] [jointLog] [info] Thread saw mini-batch with a maximum of 1.32% zero probability fragments
[2024-01-17 00:52:09.032] [jointLog] [info] Thread saw mini-batch with a maximum of 1.24% zero probability fragments
[2024-01-17 00:52:09.076] [jointLog] [info] Thread saw mini-batch with a maximum of 1.38% zero probability fragments
[2024-01-17 00:52:09.093] [jointLog] [info] Thread saw mini-batch with a maximum of 1.40% zero probability fragments
[2024-01-17 00:52:09.224] [jointLog] [info] Thread saw mini-batch with a maximum of 1.36% zero probability fragments
[2024-01-17 00:52:09.225] [jointLog] [info] Thread saw mini-batch with a maximum of 1.42% zero probability fragments
[2024-01-17 00:52:09.251] [jointLog] [info] Thread saw mini-batch with a maximum of 1.22% zero probability fragments
[2024-01-17 00:52:09.348] [jointLog] [info] Thread saw mini-batch with a maximum of 1.26% zero probability fragments
[2024-01-17 00:52:09.418] [jointLog] [info] Thread saw mini-batch with a maximum of 1.34% zero probability fragments
[2024-01-17 00:52:09.425] [jointLog] [info] Thread saw mini-batch with a maximum of 1.54% zero probability fragments
[2024-01-17 00:52:09.830] [fileLog] [info] 
At end of round 0
==================
Observed 41971510 total fragments (41971510 in most recent round)

[2024-01-17 00:52:09.829] [jointLog] [info] Computed 571,883 rich equivalence classes for further processing
[2024-01-17 00:52:09.829] [jointLog] [info] Counted 28,300,420 total reads in the equivalence classes 
[2024-01-17 00:52:09.838] [jointLog] [info] Number of mappings discarded because of alignment score : 123,788,349
[2024-01-17 00:52:09.839] [jointLog] [info] Number of fragments entirely discarded because of alignment score : 5,317,281
[2024-01-17 00:52:09.839] [jointLog] [info] Number of fragments discarded because they are best-mapped to decoys : 0
[2024-01-17 00:52:09.839] [jointLog] [info] Number of fragments discarded because they have only dovetail (discordant) mappings to valid targets : 8,271,355
[2024-01-17 00:52:09.839] [jointLog] [info] Mapping rate = 67.4277%

[2024-01-17 00:52:09.839] [jointLog] [info] finished quantifyLibrary()
[2024-01-17 00:52:09.856] [jointLog] [info] Starting optimizer
[2024-01-17 00:52:10.127] [jointLog] [info] Marked 0 weighted equivalence classes as degenerate
[2024-01-17 00:52:10.166] [jointLog] [info] iteration = 0 | max rel diff. = 4846.95
[2024-01-17 00:52:10.522] [jointLog] [info] iteration 11, adjusting effective lengths to account for biases
[2024-01-17 00:52:52.855] [jointLog] [info] Computed expected counts (for bias correction)
[2024-01-17 00:52:52.855] [jointLog] [info] processed bias for 0.0% of the transcripts
[2024-01-17 00:52:55.054] [jointLog] [info] processed bias for 10.0% of the transcripts
[2024-01-17 00:52:57.552] [jointLog] [info] processed bias for 20.0% of the transcripts
[2024-01-17 00:53:00.111] [jointLog] [info] processed bias for 30.0% of the transcripts
[2024-01-17 00:53:02.361] [jointLog] [info] processed bias for 40.0% of the transcripts
[2024-01-17 00:53:04.503] [jointLog] [info] processed bias for 50.0% of the transcripts
[2024-01-17 00:53:06.728] [jointLog] [info] processed bias for 60.0% of the transcripts
[2024-01-17 00:53:09.207] [jointLog] [info] processed bias for 70.0% of the transcripts
[2024-01-17 00:53:11.676] [jointLog] [info] processed bias for 80.0% of the transcripts
[2024-01-17 00:53:13.934] [jointLog] [info] processed bias for 90.0% of the transcripts
[2024-01-17 00:53:16.354] [jointLog] [info] processed bias for 100.0% of the transcripts
[2024-01-17 00:53:16.360] [jointLog] [info] processed bias for 100.0% of the transcripts
[2024-01-17 00:53:19.946] [jointLog] [info] iteration = 100 | max rel diff. = 20.8219
[2024-01-17 00:53:23.931] [jointLog] [info] iteration = 200 | max rel diff. = 9.44977
[2024-01-17 00:53:27.953] [jointLog] [info] iteration = 300 | max rel diff. = 12.484
[2024-01-17 00:53:31.996] [jointLog] [info] iteration = 400 | max rel diff. = 4.50174
[2024-01-17 00:53:36.019] [jointLog] [info] iteration = 500 | max rel diff. = 20.2074
[2024-01-17 00:53:40.010] [jointLog] [info] iteration = 600 | max rel diff. = 0.38115
[2024-01-17 00:53:43.887] [jointLog] [info] iteration = 700 | max rel diff. = 0.493529
[2024-01-17 00:53:47.722] [jointLog] [info] iteration = 800 | max rel diff. = 1.44458
[2024-01-17 00:53:51.465] [jointLog] [info] iteration = 900 | max rel diff. = 0.114246
[2024-01-17 00:53:55.182] [jointLog] [info] iteration = 1,000 | max rel diff. = 0.248179
[2024-01-17 00:53:58.945] [jointLog] [info] iteration = 1,100 | max rel diff. = 0.0454193
[2024-01-17 00:54:02.866] [jointLog] [info] iteration = 1,200 | max rel diff. = 0.0406676
[2024-01-17 00:54:06.849] [jointLog] [info] iteration = 1,300 | max rel diff. = 0.157556
[2024-01-17 00:54:10.881] [jointLog] [info] iteration = 1,400 | max rel diff. = 0.0909172
[2024-01-17 00:54:14.865] [jointLog] [info] iteration = 1,500 | max rel diff. = 0.0172427
[2024-01-17 00:54:17.449] [jointLog] [info] iteration = 1,567 | max rel diff. = 0.00983847
[2024-01-17 00:54:17.499] [jointLog] [info] Finished optimizer
[2024-01-17 00:54:17.499] [jointLog] [info] writing output 

