[2024-01-17 00:35:28.336] [jointLog] [info] setting maxHashResizeThreads to 13
[2024-01-17 00:35:28.336] [jointLog] [info] Fragment incompatibility prior below threshold.  Incompatible fragments will be ignored.
[2024-01-17 00:35:28.336] [jointLog] [info] Usage of --validateMappings implies use of minScoreFraction. Since not explicitly specified, it is being set to 0.65
[2024-01-17 00:35:28.336] [jointLog] [info] Setting consensusSlack to selective-alignment default of 0.35.
[2024-01-17 00:35:28.336] [jointLog] [info] parsing read library format
[2024-01-17 00:35:28.336] [jointLog] [info] There is 1 library.
[2024-01-17 00:35:28.336] [jointLog] [info] Loading pufferfish index
[2024-01-17 00:35:28.336] [jointLog] [info] Loading dense pufferfish index.
[2024-01-17 00:35:29.314] [jointLog] [info] done
[2024-01-17 00:35:29.446] [jointLog] [info] Index contained 251,955 targets
[2024-01-17 00:35:31.397] [jointLog] [info] Number of decoys : 0
[2024-01-17 00:35:32.353] [jointLog] [info] Automatically detected most likely library type as ISR

[2024-01-17 00:42:30.328] [jointLog] [info] Thread saw mini-batch with a maximum of 1.24% zero probability fragments
[2024-01-17 00:42:30.460] [jointLog] [info] Thread saw mini-batch with a maximum of 1.24% zero probability fragments
[2024-01-17 00:42:30.491] [jointLog] [info] Thread saw mini-batch with a maximum of 1.42% zero probability fragments
[2024-01-17 00:42:30.505] [jointLog] [info] Thread saw mini-batch with a maximum of 1.28% zero probability fragments
[2024-01-17 00:42:30.505] [jointLog] [info] Thread saw mini-batch with a maximum of 1.42% zero probability fragments
[2024-01-17 00:42:30.507] [jointLog] [info] Thread saw mini-batch with a maximum of 1.34% zero probability fragments
[2024-01-17 00:42:30.602] [jointLog] [info] Thread saw mini-batch with a maximum of 1.36% zero probability fragments
[2024-01-17 00:42:30.633] [jointLog] [info] Thread saw mini-batch with a maximum of 1.48% zero probability fragments
[2024-01-17 00:42:30.663] [jointLog] [info] Thread saw mini-batch with a maximum of 1.38% zero probability fragments
[2024-01-17 00:42:30.683] [jointLog] [info] Thread saw mini-batch with a maximum of 1.30% zero probability fragments
[2024-01-17 00:42:30.814] [jointLog] [info] Thread saw mini-batch with a maximum of 1.44% zero probability fragments
[2024-01-17 00:42:30.817] [jointLog] [info] Thread saw mini-batch with a maximum of 1.42% zero probability fragments
[2024-01-17 00:42:30.953] [jointLog] [info] Thread saw mini-batch with a maximum of 1.24% zero probability fragments
[2024-01-17 00:42:31.408] [fileLog] [info] 
At end of round 0
==================
Observed 40905070 total fragments (40905070 in most recent round)

[2024-01-17 00:42:31.407] [jointLog] [info] Computed 590,253 rich equivalence classes for further processing
[2024-01-17 00:42:31.407] [jointLog] [info] Counted 26,380,899 total reads in the equivalence classes 
[2024-01-17 00:42:31.416] [jointLog] [info] Number of mappings discarded because of alignment score : 137,333,474
[2024-01-17 00:42:31.416] [jointLog] [info] Number of fragments entirely discarded because of alignment score : 6,515,216
[2024-01-17 00:42:31.416] [jointLog] [info] Number of fragments discarded because they are best-mapped to decoys : 0
[2024-01-17 00:42:31.416] [jointLog] [info] Number of fragments discarded because they have only dovetail (discordant) mappings to valid targets : 9,833,839
[2024-01-17 00:42:31.416] [jointLog] [info] Mapping rate = 64.493%

[2024-01-17 00:42:31.416] [jointLog] [info] finished quantifyLibrary()
[2024-01-17 00:42:31.429] [jointLog] [info] Starting optimizer
[2024-01-17 00:42:31.722] [jointLog] [info] Marked 0 weighted equivalence classes as degenerate
[2024-01-17 00:42:31.768] [jointLog] [info] iteration = 0 | max rel diff. = 4945.01
[2024-01-17 00:42:32.217] [jointLog] [info] iteration 11, adjusting effective lengths to account for biases
[2024-01-17 00:43:15.080] [jointLog] [info] Computed expected counts (for bias correction)
[2024-01-17 00:43:15.080] [jointLog] [info] processed bias for 0.0% of the transcripts
[2024-01-17 00:43:17.378] [jointLog] [info] processed bias for 10.0% of the transcripts
[2024-01-17 00:43:20.081] [jointLog] [info] processed bias for 20.0% of the transcripts
[2024-01-17 00:43:22.815] [jointLog] [info] processed bias for 30.0% of the transcripts
[2024-01-17 00:43:25.305] [jointLog] [info] processed bias for 40.0% of the transcripts
[2024-01-17 00:43:27.509] [jointLog] [info] processed bias for 50.0% of the transcripts
[2024-01-17 00:43:29.879] [jointLog] [info] processed bias for 60.0% of the transcripts
[2024-01-17 00:43:32.421] [jointLog] [info] processed bias for 70.0% of the transcripts
[2024-01-17 00:43:34.780] [jointLog] [info] processed bias for 80.0% of the transcripts
[2024-01-17 00:43:37.365] [jointLog] [info] processed bias for 90.0% of the transcripts
[2024-01-17 00:43:39.945] [jointLog] [info] processed bias for 100.0% of the transcripts
[2024-01-17 00:43:39.957] [jointLog] [info] processed bias for 100.0% of the transcripts
[2024-01-17 00:43:43.822] [jointLog] [info] iteration = 100 | max rel diff. = 17.5552
[2024-01-17 00:43:48.122] [jointLog] [info] iteration = 200 | max rel diff. = 7.67892
[2024-01-17 00:43:52.517] [jointLog] [info] iteration = 300 | max rel diff. = 17.9765
[2024-01-17 00:43:56.886] [jointLog] [info] iteration = 400 | max rel diff. = 2.45973
[2024-01-17 00:44:01.292] [jointLog] [info] iteration = 500 | max rel diff. = 0.665793
[2024-01-17 00:44:05.677] [jointLog] [info] iteration = 600 | max rel diff. = 14.1245
[2024-01-17 00:44:10.037] [jointLog] [info] iteration = 700 | max rel diff. = 16.5302
[2024-01-17 00:44:14.275] [jointLog] [info] iteration = 800 | max rel diff. = 0.390852
[2024-01-17 00:44:18.703] [jointLog] [info] iteration = 900 | max rel diff. = 0.131816
[2024-01-17 00:44:23.154] [jointLog] [info] iteration = 1,000 | max rel diff. = 0.338125
[2024-01-17 00:44:27.511] [jointLog] [info] iteration = 1,100 | max rel diff. = 0.294298
[2024-01-17 00:44:31.806] [jointLog] [info] iteration = 1,200 | max rel diff. = 0.170369
[2024-01-17 00:44:36.173] [jointLog] [info] iteration = 1,300 | max rel diff. = 0.0202256
[2024-01-17 00:44:40.552] [jointLog] [info] iteration = 1,400 | max rel diff. = 0.269475
[2024-01-17 00:44:44.973] [jointLog] [info] iteration = 1,500 | max rel diff. = 0.0224866
[2024-01-17 00:44:49.580] [jointLog] [info] iteration = 1,600 | max rel diff. = 0.0492705
[2024-01-17 00:44:54.227] [jointLog] [info] iteration = 1,700 | max rel diff. = 0.0231454
[2024-01-17 00:44:58.855] [jointLog] [info] iteration = 1,800 | max rel diff. = 0.124897
[2024-01-17 00:45:02.683] [jointLog] [info] iteration = 1,884 | max rel diff. = 0.00778655
[2024-01-17 00:45:02.738] [jointLog] [info] Finished optimizer
[2024-01-17 00:45:02.738] [jointLog] [info] writing output 

